<?xml version="1.0" encoding="UTF-8"?>
<testng-results skipped="0" failed="0" ignored="0" total="1" passed="1">
  <reporter-output>
  </reporter-output>
  <suite name="Suite" duration-ms="6742" started-at="2022-12-07T12:43:19 IST" finished-at="2022-12-07T12:43:26 IST">
    <groups>
    </groups>
    <test name="Test" duration-ms="6742" started-at="2022-12-07T12:43:19 IST" finished-at="2022-12-07T12:43:26 IST">
      <class name="com.obsquara.testScripts.RadioButtonDemoTest">
        <test-method status="PASS" signature="initializeBrowser()[pri:0, instance:com.obsquara.testScripts.RadioButtonDemoTest@3c0be339]" name="initializeBrowser" is-config="true" duration-ms="5490" started-at="2022-12-07T12:43:19 IST" finished-at="2022-12-07T12:43:25 IST">
          <reporter-output>
          </reporter-output>
        </test-method> <!-- initializeBrowser -->
        <test-method status="PASS" signature="verifyRadioButtonDemoWithNoSelectedField()[pri:0, instance:com.obsquara.testScripts.RadioButtonDemoTest@3c0be339]" name="verifyRadioButtonDemoWithNoSelectedField" duration-ms="537" started-at="2022-12-07T12:43:25 IST" finished-at="2022-12-07T12:43:25 IST">
          <reporter-output>
          </reporter-output>
        </test-method> <!-- verifyRadioButtonDemoWithNoSelectedField -->
        <test-method status="PASS" signature="browserQuit()[pri:0, instance:com.obsquara.testScripts.RadioButtonDemoTest@3c0be339]" name="browserQuit" is-config="true" duration-ms="681" started-at="2022-12-07T12:43:25 IST" finished-at="2022-12-07T12:43:26 IST">
          <reporter-output>
          </reporter-output>
        </test-method> <!-- browserQuit -->
      </class> <!-- com.obsquara.testScripts.RadioButtonDemoTest -->
    </test> <!-- Test -->
  </suite> <!-- Suite -->
</testng-results>
