<?xml version="1.0" encoding="UTF-8"?>
<!-- Generated by org.testng.reporters.JUnitXMLReporter -->
<testsuite hostname="LAPTOP-CJOPH0H2" ignored="4" name="Test1" tests="1" failures="0" timestamp="2023-02-06T20:50:18 IST" time="12.499" errors="0">
  <testcase name="verifyLoginUsingCorrectUsernameAndPass" time="4.39" classname="com.obsquara.testscript.LoginTest"/>
  <testcase name="verifyBackToLoginINForgotPassword" time="0.0" classname="com.obsquara.testscript.LoginTest">
    <ignored/>
  </testcase> <!-- verifyBackToLoginINForgotPassword -->
  <testcase name="verifyLoginUsingIncorrectPassword" time="0.0" classname="com.obsquara.testscript.LoginTest">
    <ignored/>
  </testcase> <!-- verifyLoginUsingIncorrectPassword -->
  <testcase name="verifyLoginUsingCorrectUsernameAndPassword" time="0.0" classname="com.obsquara.testscript.LoginTest">
    <ignored/>
  </testcase> <!-- verifyLoginUsingCorrectUsernameAndPassword -->
  <testcase name="verifyForgotPasswordUsingIncorrectMailid" time="0.0" classname="com.obsquara.testscript.LoginTest">
    <ignored/>
  </testcase> <!-- verifyForgotPasswordUsingIncorrectMailid -->
</testsuite> <!-- Test1 -->
