<?xml version="1.0" encoding="UTF-8"?>
<testng-results skipped="0" failed="0" ignored="5" total="6" passed="1">
  <reporter-output>
  </reporter-output>
  <suite name="Suite" duration-ms="12689" started-at="2023-02-06T21:00:31 IST" finished-at="2023-02-06T21:00:44 IST">
    <groups>
    </groups>
    <test name="Test" duration-ms="12689" started-at="2023-02-06T21:00:31 IST" finished-at="2023-02-06T21:00:44 IST">
      <class name="com.obsquara.testscript.HomeTest">
        <test-method status="PASS" signature="InitializeBrowser(java.lang.String)[pri:0, instance:com.obsquara.testscript.HomeTest@56620197]" name="InitializeBrowser" is-config="true" duration-ms="7002" started-at="2023-02-06T21:00:32 IST" finished-at="2023-02-06T21:00:39 IST">
          <params>
            <param index="0">
              <value>
                <![CDATA[chrome]]>
              </value>
            </param>
          </params>
          <reporter-output>
          </reporter-output>
        </test-method> <!-- InitializeBrowser -->
        <test-method status="PASS" signature="verifyQuickSmsFieldIsBelowQuickEmail()[pri:3, instance:com.obsquara.testscript.HomeTest@56620197]" name="verifyQuickSmsFieldIsBelowQuickEmail" duration-ms="4900" started-at="2023-02-06T21:00:39 IST" finished-at="2023-02-06T21:00:43 IST">
          <reporter-output>
          </reporter-output>
        </test-method> <!-- verifyQuickSmsFieldIsBelowQuickEmail -->
        <test-method status="PASS" signature="browserQuit(org.testng.ITestResult)[pri:0, instance:com.obsquara.testscript.HomeTest@56620197]" name="browserQuit" is-config="true" duration-ms="727" started-at="2023-02-06T21:00:43 IST" finished-at="2023-02-06T21:00:44 IST">
          <params>
            <param index="0">
              <value>
                <![CDATA[[TestResult name=verifyQuickSmsFieldIsBelowQuickEmail status=SUCCESS method=HomeTest.verifyQuickSmsFieldIsBelowQuickEmail()[pri:3, instance:com.obsquara.testscript.HomeTest@56620197] output={null}]]]>
              </value>
            </param>
          </params>
          <reporter-output>
          </reporter-output>
        </test-method> <!-- browserQuit -->
      </class> <!-- com.obsquara.testscript.HomeTest -->
    </test> <!-- Test -->
  </suite> <!-- Suite -->
</testng-results>
