<?xml version="1.0" encoding="UTF-8"?>
<!-- Generated by org.testng.reporters.JUnitXMLReporter -->
<testsuite hostname="LAPTOP-CJOPH0H2" ignored="5" name="Test" tests="1" failures="0" timestamp="2023-02-06T21:00:44 IST" time="12.689" errors="0">
  <testcase name="verifyQuickSmsFieldIsBelowQuickEmail" time="4.9" classname="com.obsquara.testscript.HomeTest"/>
  <testcase name="verifylogoutfield" time="0.0" classname="com.obsquara.testscript.HomeTest">
    <ignored/>
  </testcase> <!-- verifylogoutfield -->
  <testcase name="verifyCloseButtonInRevenueChart" time="0.0" classname="com.obsquara.testscript.HomeTest">
    <ignored/>
  </testcase> <!-- verifyCloseButtonInRevenueChart -->
  <testcase name="verifynavigateToReperationPage" time="0.0" classname="com.obsquara.testscript.HomeTest">
    <ignored/>
  </testcase> <!-- verifynavigateToReperationPage -->
  <testcase name="verifynavigateToClientPage" time="0.0" classname="com.obsquara.testscript.HomeTest">
    <ignored/>
  </testcase> <!-- verifynavigateToClientPage -->
  <testcase name="verifynavigateToInventoryPage" time="0.0" classname="com.obsquara.testscript.HomeTest">
    <ignored/>
  </testcase> <!-- verifynavigateToInventoryPage -->
</testsuite> <!-- Test -->
