<?xml version="1.0" encoding="UTF-8"?>
<!-- Generated by org.testng.reporters.JUnitXMLReporter -->
<testsuite hostname="LAPTOP-CJOPH0H2" ignored="1" name="Test2" tests="1" failures="1" timestamp="2023-01-13T20:43:52 IST" time="27.511" errors="0">
  <testcase name="verifyNumberOfCompletedRepairs" time="0.098" classname="com.obsquara.testscript.ReparationTest">
    <failure type="java.io.IOException" message="Stream Closed">
      <![CDATA[java.io.IOException: Stream Closed
at java.io.FileInputStream.available0(Native Method)
at java.io.FileInputStream.available(FileInputStream.java:306)
at java.io.BufferedInputStream.read(BufferedInputStream.java:353)
at java.io.FilterInputStream.read(FilterInputStream.java:133)
at java.io.PushbackInputStream.read(PushbackInputStream.java:186)
at java.io.FilterInputStream.read(FilterInputStream.java:107)
at org.apache.commons.compress.archivers.zip.ZipArchiveInputStream.fill(ZipArchiveInputStream.java:861)
at org.apache.commons.compress.archivers.zip.ZipArchiveInputStream.readFromInflater(ZipArchiveInputStream.java:650)
at org.apache.commons.compress.archivers.zip.ZipArchiveInputStream.readDeflated(ZipArchiveInputStream.java:625)
at org.apache.commons.compress.archivers.zip.ZipArchiveInputStream.read(ZipArchiveInputStream.java:528)
at java.io.FilterInputStream.read(FilterInputStream.java:133)
at org.apache.poi.openxml4j.util.ZipArchiveThresholdInputStream.read(ZipArchiveThresholdInputStream.java:80)
at org.apache.poi.util.IOUtils.toByteArray(IOUtils.java:185)
at org.apache.poi.openxml4j.util.ZipArchiveFakeEntry.<init>(ZipArchiveFakeEntry.java:82)
at org.apache.poi.openxml4j.util.ZipInputStreamZipEntrySource.<init>(ZipInputStreamZipEntrySource.java:98)
at org.apache.poi.openxml4j.opc.ZipPackage.<init>(ZipPackage.java:132)
at org.apache.poi.openxml4j.opc.OPCPackage.open(OPCPackage.java:312)
at org.apache.poi.ooxml.util.PackageHelper.open(PackageHelper.java:59)
at org.apache.poi.xssf.usermodel.XSSFWorkbook.<init>(XSSFWorkbook.java:289)
at org.apache.poi.xssf.usermodel.XSSFWorkbook.<init>(XSSFWorkbook.java:285)
at com.obsquara.utilities.ExcelUtility.getString(ExcelUtility.java:57)
at com.obsquara.pages.LoginPage.verifyLoginPage(LoginPage.java:48)
at com.obsquara.testscript.ReparationTest.verifyNumberOfCompletedRepairs(ReparationTest.java:17)
at java.util.ArrayList.forEach(ArrayList.java:1257)
at java.util.concurrent.FutureTask.run(FutureTask.java:266)
at java.util.concurrent.ThreadPoolExecutor.runWorker(ThreadPoolExecutor.java:1149)
at java.util.concurrent.ThreadPoolExecutor$Worker.run(ThreadPoolExecutor.java:624)
at java.lang.Thread.run(Thread.java:748)
... Removed 18 stack frames]]>
    </failure>
  </testcase> <!-- verifyNumberOfCompletedRepairs -->
  <testcase name="verifyNumberOfPendingRepairs" time="0.0" classname="com.obsquara.testscript.ReparationTest">
    <ignored/>
  </testcase> <!-- verifyNumberOfPendingRepairs -->
</testsuite> <!-- Test2 -->
